TN:
SF:client\src\components\AdminMenu.js
FN:3,(anonymous_0)
FNF:1
FNH:1
FNDA:14,(anonymous_0)
DA:3,1
DA:4,14
LF:2
LH:2
BRF:0
BRH:0
end_of_record
TN:
SF:client\src\components\Footer.js
FN:4,(anonymous_0)
FNF:1
FNH:1
FNDA:14,(anonymous_0)
DA:4,1
DA:5,14
LF:2
LH:2
BRF:0
BRH:0
end_of_record
TN:
SF:client\src\components\Header.js
FN:10,(anonymous_0)
FN:14,(anonymous_1)
FN:63,(anonymous_2)
FNF:3
FNH:2
FNDA:15,(anonymous_0)
FNDA:0,(anonymous_1)
FNDA:20,(anonymous_2)
DA:10,1
DA:11,15
DA:12,15
DA:13,15
DA:14,14
DA:15,0
DA:20,0
DA:21,0
DA:23,14
DA:64,20
LF:10
LH:7
BRDA:76,0,0,14
BRDA:76,0,1,0
BRDA:105,1,0,0
BRDA:105,1,1,0
BRF:4
BRH:1
end_of_record
TN:
SF:client\src\components\Layout.js
FN:8,(anonymous_0)
FNF:1
FNH:1
FNDA:14,(anonymous_0)
DA:8,1
DA:9,14
DA:28,1
LF:3
LH:3
BRF:0
BRH:0
end_of_record
TN:
SF:client\src\components\Form\SearchInput.js
FN:5,(anonymous_0)
FN:9,(anonymous_1)
FN:30,(anonymous_2)
FNF:3
FNH:1
FNDA:14,(anonymous_0)
FNDA:0,(anonymous_1)
FNDA:0,(anonymous_2)
DA:5,1
DA:6,14
DA:7,14
DA:9,14
DA:10,0
DA:11,0
DA:12,0
DA:15,0
DA:16,0
DA:18,0
DA:21,14
DA:30,0
LF:12
LH:5
BRF:0
BRH:0
end_of_record
TN:
SF:client\src\hooks\useCategory.js
FN:4,useCategory
FN:8,(anonymous_1)
FN:17,(anonymous_2)
FNF:3
FNH:3
FNDA:15,useCategory
FNDA:2,(anonymous_1)
FNDA:2,(anonymous_2)
DA:5,15
DA:8,14
DA:9,2
DA:10,2
DA:11,2
DA:13,0
DA:17,14
DA:18,2
DA:21,14
LF:9
LH:8
BRF:0
BRH:0
end_of_record
TN:
SF:client\src\pages\admin\CreateProduct.js
FN:10,(anonymous_0)
FN:22,(anonymous_1)
FN:34,(anonymous_2)
FN:39,(anonymous_3)
FN:81,(anonymous_4)
FN:85,(anonymous_5)
FN:98,(anonymous_6)
FN:121,(anonymous_7)
FN:130,(anonymous_8)
FN:140,(anonymous_9)
FN:149,(anonymous_10)
FN:159,(anonymous_11)
FNF:12
FNH:11
FNDA:15,(anonymous_0)
FNDA:2,(anonymous_1)
FNDA:2,(anonymous_2)
FNDA:2,(anonymous_3)
FNDA:1,(anonymous_4)
FNDA:20,(anonymous_5)
FNDA:0,(anonymous_6)
FNDA:2,(anonymous_7)
FNDA:2,(anonymous_8)
FNDA:2,(anonymous_9)
FNDA:2,(anonymous_10)
FNDA:1,(anonymous_11)
DA:8,1
DA:10,1
DA:11,15
DA:12,15
DA:13,14
DA:14,14
DA:15,14
DA:16,14
DA:17,14
DA:18,14
DA:19,14
DA:22,14
DA:23,2
DA:24,2
DA:25,2
DA:26,2
DA:29,0
DA:30,0
DA:34,14
DA:35,2
DA:39,14
DA:40,2
DA:41,2
DA:42,2
DA:43,2
DA:44,2
DA:45,2
DA:46,2
DA:47,2
DA:48,2
DA:49,2
DA:53,2
DA:54,0
DA:56,2
DA:57,2
DA:60,0
DA:61,0
DA:65,14
DA:82,1
DA:86,20
DA:98,0
DA:121,2
DA:130,2
DA:140,2
DA:149,2
DA:160,1
LF:46
LH:40
BRDA:25,0,0,2
BRDA:25,0,1,0
BRDA:53,1,0,0
BRDA:53,1,1,2
BRDA:93,2,0,0
BRDA:93,2,1,14
BRDA:104,3,0,14
BRDA:104,3,1,0
BRF:8
BRH:4
end_of_record
